2026-05-12 23:13:46,068 - INFO - 开始训练，数据集: acl-arc
2026-05-12 23:13:46,069 - WARNING - CUDA不可用，将使用CPU
2026-05-12 23:13:46,069 - INFO - 加载tokenizer: D:\reproduce\scibert_scivocab_uncased
2026-05-12 23:13:46,105 - INFO - 加载acl-arc数据集
2026-05-12 23:14:21,277 - INFO - 开始训练，数据集: scicite
2026-05-12 23:14:21,278 - WARNING - CUDA不可用，将使用CPU
2026-05-12 23:14:21,278 - INFO - 加载tokenizer: D:\reproduce\scibert_scivocab_uncased
2026-05-12 23:14:21,312 - INFO - 加载scicite数据集
2026-05-12 23:14:21,365 - INFO - 创建模型: D:\reproduce\scibert_scivocab_uncased
2026-05-12 23:14:23,860 - INFO - 模型参数总数: 161,317,605
2026-05-12 23:14:23,861 - INFO - 可训练参数: 51,792,357
2026-05-12 23:14:23,861 - INFO - 冻结参数: 109,525,248
2026-05-12 23:14:23,861 - INFO - 损失权重: {'lambda_int': 1.0, 'lambda_sec': 0.0, 'lambda_wor': 0.35}
2026-05-12 23:14:23,862 - INFO - 开始训练
2026-05-13 00:31:14,907 - INFO - 开始训练，数据集: acl-arc
2026-05-13 00:31:14,909 - WARNING - CUDA不可用，将使用CPU
2026-05-13 00:31:14,909 - INFO - 加载tokenizer: D:\reproduce\scibert_scivocab_uncased
2026-05-13 00:31:14,961 - INFO - 加载acl-arc数据集
2026-05-13 00:32:26,997 - INFO - 开始训练，数据集: acl-arc
2026-05-13 00:32:26,997 - WARNING - CUDA不可用，将使用CPU
2026-05-13 00:32:26,997 - INFO - 加载tokenizer: D:\reproduce\scibert_scivocab_uncased
2026-05-13 00:32:27,035 - INFO - 加载acl-arc数据集
2026-05-13 00:32:41,308 - INFO - 开始训练，数据集: scicite
2026-05-13 00:32:41,309 - WARNING - CUDA不可用，将使用CPU
2026-05-13 00:32:41,309 - INFO - 加载tokenizer: D:\reproduce\scibert_scivocab_uncased
2026-05-13 00:32:41,347 - INFO - 加载scicite数据集
2026-05-13 00:32:41,402 - INFO - 创建模型: D:\reproduce\scibert_scivocab_uncased
2026-05-13 00:32:43,573 - INFO - 模型参数总数: 113,517,682
2026-05-13 00:32:43,573 - INFO - 可训练参数: 3,566,592
2026-05-13 00:32:43,573 - INFO - 冻结参数: 109,951,090
2026-05-13 00:32:43,573 - INFO - 损失权重: {'lambda_int': 1.0, 'lambda_sec': 0.0, 'lambda_wor': 0.35}
2026-05-13 00:32:43,573 - INFO - 开始训练
2026-05-13 00:33:06,602 - INFO - 开始训练，数据集: scicite
2026-05-13 00:33:06,602 - WARNING - CUDA不可用，将使用CPU
2026-05-13 00:33:06,602 - INFO - 加载tokenizer: D:\reproduce\scibert_scivocab_uncased
2026-05-13 00:33:06,642 - INFO - 加载scicite数据集
2026-05-13 00:33:06,690 - INFO - 创建模型: D:\reproduce\scibert_scivocab_uncased
2026-05-13 00:33:08,511 - INFO - 模型参数总数: 113,517,682
2026-05-13 00:33:08,512 - INFO - 可训练参数: 3,566,592
2026-05-13 00:33:08,512 - INFO - 冻结参数: 109,951,090
2026-05-13 00:33:08,512 - INFO - 损失权重: {'lambda_int': 1.0, 'lambda_sec': 0.0, 'lambda_wor': 0.35}
2026-05-13 00:33:08,512 - INFO - 开始训练
2026-05-13 00:45:21,025 - INFO - 开始训练: scicite
2026-05-13 00:45:21,025 - WARNING - CUDA不可用，切换CPU
2026-05-13 00:45:21,104 - INFO - train size: 8243
2026-05-13 00:45:21,104 - INFO - val size: 916
2026-05-13 00:45:22,589 - INFO - 总参数: 113,525,362
2026-05-13 00:45:22,590 - INFO - 可训练参数: 3,566,592
2026-05-13 00:45:22,590 - INFO - 开始训练
2026-05-13 00:45:59,877 - INFO - 开始训练: scicite
2026-05-13 00:45:59,878 - WARNING - CUDA不可用，切换CPU
2026-05-13 00:45:59,956 - INFO - train size: 8243
2026-05-13 00:45:59,957 - INFO - val size: 916
2026-05-13 00:46:01,418 - INFO - 总参数: 113,525,362
2026-05-13 00:46:01,418 - INFO - 可训练参数: 3,566,592
2026-05-13 00:46:01,419 - INFO - 开始训练
2026-05-13 00:49:30,835 - INFO - 开始训练: scicite
2026-05-13 00:49:30,835 - WARNING - CUDA不可用，切换CPU
2026-05-13 00:49:30,918 - INFO - train size: 8243
2026-05-13 00:49:30,918 - INFO - val size: 916
2026-05-13 00:49:32,399 - INFO - 总参数: 113,525,362
2026-05-13 00:49:32,399 - INFO - 可训练参数: 3,566,592
2026-05-13 00:49:32,400 - INFO - 开始训练
2026-05-13 00:50:16,944 - INFO - 开始训练: scicite
2026-05-13 00:50:17,022 - INFO - train size: 8243
2026-05-13 00:50:17,022 - INFO - val size: 916
2026-05-13 00:50:18,450 - INFO - 总参数: 113,525,362
2026-05-13 00:50:18,451 - INFO - 可训练参数: 3,566,592
2026-05-13 00:50:18,451 - INFO - 开始训练
2026-05-13 00:57:10,383 - INFO - 开始训练: scicite
2026-05-13 00:57:10,384 - WARNING - CUDA不可用，切换CPU
2026-05-13 00:57:10,462 - INFO - train size: 8243
2026-05-13 00:57:10,462 - INFO - val size: 916
2026-05-13 00:57:11,931 - INFO - 总参数: 113,525,362
2026-05-13 00:57:11,931 - INFO - 可训练参数: 3,566,592
2026-05-13 00:57:11,932 - INFO - 开始训练
2026-05-13 00:59:18,364 - INFO - 开始训练: scicite
2026-05-13 00:59:18,366 - WARNING - CUDA不可用，切换CPU
2026-05-13 00:59:18,463 - INFO - train size: 8243
2026-05-13 00:59:18,465 - INFO - val size: 916
2026-05-13 00:59:20,707 - INFO - 总参数: 113,525,362
2026-05-13 00:59:20,707 - INFO - 可训练参数: 3,566,592
2026-05-13 00:59:20,708 - INFO - 开始训练
2026-05-13 21:40:32,768 - INFO - 开始训练: scicite
2026-05-13 21:40:32,770 - WARNING - CUDA不可用，切换CPU
2026-05-13 21:40:32,889 - INFO - train size: 8243
2026-05-13 21:40:32,890 - INFO - val size: 916
2026-05-13 21:40:36,009 - INFO - 总参数: 113,525,362
2026-05-13 21:40:36,009 - INFO - 可训练参数: 3,566,592
2026-05-13 21:40:36,009 - INFO - 开始训练
2026-05-13 21:45:38,989 - INFO - 开始训练: scicite
2026-05-13 21:45:38,991 - WARNING - CUDA不可用，切换CPU
2026-05-13 21:45:39,091 - INFO - train size: 8243
2026-05-13 21:45:39,091 - INFO - val size: 916
2026-05-13 21:45:41,446 - INFO - 总参数: 113,525,362
2026-05-13 21:45:41,446 - INFO - 可训练参数: 3,566,592
2026-05-13 21:45:41,446 - INFO - 开始训练
2026-05-13 21:59:23,368 - INFO - 开始训练: scicite
2026-05-13 21:59:23,369 - WARNING - CUDA不可用，切换CPU
2026-05-13 21:59:23,445 - INFO - train size: 8243
2026-05-13 21:59:23,445 - INFO - val size: 916
2026-05-13 21:59:24,844 - INFO - 总参数: 113,525,362
2026-05-13 21:59:24,845 - INFO - 可训练参数: 3,566,592
2026-05-13 21:59:24,845 - INFO - 开始训练
2026-05-13 21:59:50,902 - INFO - 开始训练: scicite
2026-05-13 21:59:50,904 - WARNING - CUDA不可用，切换CPU
2026-05-13 21:59:50,984 - INFO - train size: 8243
2026-05-13 21:59:50,984 - INFO - val size: 916
2026-05-13 21:59:52,368 - INFO - 总参数: 113,525,362
2026-05-13 21:59:52,368 - INFO - 可训练参数: 3,566,592
2026-05-13 21:59:52,369 - INFO - 开始训练
